<?xml version="1.0" encoding="UTF-8"?>
<!-- Generated by org.testng.reporters.JUnitXMLReporter -->
<testsuite ignored="0" hostname="LAPTOP-R92NJ77V" failures="0" tests="2" name="Test-Runner 2" time="54.217" errors="0" timestamp="2022-11-08T12:00:49 IST">
  <testcase classname="vTigerNew.CreateContactWithOrganizationTestNew" name="createContactWithOrgTest" time="34.166"/>
  <testcase classname="vTigerNew.CreateContactWithOrganizationTestNew" name="createcontact" time="0.001"/>
</testsuite> <!-- Test-Runner 2 -->
