<?xml version="1.0" encoding="UTF-8"?>
<!-- Generated by org.testng.reporters.JUnitXMLReporter -->
<testsuite ignored="0" hostname="LAPTOP-R92NJ77V" failures="0" tests="3" name="Test-Runner-Firefox" time="63.622" errors="0" timestamp="2022-11-13T10:49:34 IST">
  <testcase classname="vTigerNew.CreateContactTest" name="CreateContactsTest" time="35.622"/>
  <testcase classname="vTigerNew.CreateContactTest" name="createContact" time="0.001"/>
  <testcase classname="vTigerNew.CreateContactTest" name="createContactsecond" time="0.002"/>
</testsuite> <!-- Test-Runner-Firefox -->
