<?xml version="1.0" encoding="UTF-8"?>
<!-- Generated by org.testng.reporters.JUnitReportReporter -->
<testsuite hostname="LAPTOP-R92NJ77V" failures="0" tests="1" name="vTigerNew.CreateContactWithOrganizationNew" time="27.677" errors="0" timestamp="2022-11-02T10:54:09 IST" skipped="0">
  <testcase classname="vTigerNew.CreateContactWithOrganizationNew" name="CreateContactWithOrgTest" time="27.677"/>
  <system-out/>
</testsuite> <!-- vTigerNew.CreateContactWithOrganizationNew -->
