<?xml version="1.0" encoding="UTF-8"?>
<!-- Generated by org.testng.reporters.JUnitReportReporter -->
<testsuite hostname="LAPTOP-R92NJ77V" failures="0" tests="2" name="Vtiger.Practice.DataProviderPRactice1" time="0.011" errors="0" timestamp="2022-11-03T12:20:17 IST" skipped="0">
  <testcase classname="Vtiger.Practice.DataProviderPRactice1" name="addIndustryType" time="0.002"/>
  <system-out/>
  <testcase classname="Vtiger.Practice.DataProviderPRactice1" name="addIndustryType" time="0.009"/>
  <system-out/>
</testsuite> <!-- Vtiger.Practice.DataProviderPRactice1 -->
