<?xml version="1.0" encoding="UTF-8"?>
<!-- Generated by org.testng.reporters.JUnitReportReporter -->
<testsuite hostname="LAPTOP-R92NJ77V" failures="0" tests="1" name="Vtiger.Practice.WasteTest" time="10.075" errors="0" timestamp="2022-11-08T10:40:13 IST" skipped="0">
  <testcase classname="Vtiger.Practice.WasteTest" name="WasteTest" time="10.075"/>
  <system-out/>
</testsuite> <!-- Vtiger.Practice.WasteTest -->
