<?xml version="1.0" encoding="UTF-8"?>
<!-- Generated by org.testng.reporters.JUnitReportReporter -->
<testsuite hostname="LAPTOP-R92NJ77V" failures="0" tests="3" name="Vtiger.Practice.DataProviderPRactice" time="0.013" errors="0" timestamp="2022-11-03T11:29:46 IST" skipped="0">
  <testcase classname="Vtiger.Practice.DataProviderPRactice" name="addProductToCartTest" time="0.002"/>
  <system-out/>
  <testcase classname="Vtiger.Practice.DataProviderPRactice" name="addProductToCartTest" time="0.001"/>
  <system-out/>
  <testcase classname="Vtiger.Practice.DataProviderPRactice" name="addProductToCartTest" time="0.010"/>
  <system-out/>
</testsuite> <!-- Vtiger.Practice.DataProviderPRactice -->
