<?xml version="1.0" encoding="UTF-8"?>
<!-- Generated by org.testng.reporters.JUnitReportReporter -->
<testsuite hostname="LAPTOP-R92NJ77V" failures="0" tests="1" name="vTigerNew.CreateContactWithOrganizationTestNew" time="0.002" errors="0" timestamp="2023-06-09T16:49:57 IST" skipped="0">
  <testcase classname="vTigerNew.CreateContactWithOrganizationTestNew" name="createcontact" time="0.002"/>
  <system-out/>
</testsuite> <!-- vTigerNew.CreateContactWithOrganizationTestNew -->
