<?xml version="1.0" encoding="UTF-8"?>
<!-- Generated by org.testng.reporters.JUnitReportReporter -->
<testsuite hostname="LAPTOP-R92NJ77V" failures="0" tests="1" name="vTigerNew.CreateContactWithOrganizationTest" time="29.462" errors="0" timestamp="2022-11-06T05:49:44 IST" skipped="0">
  <testcase classname="vTigerNew.CreateContactWithOrganizationTest" name="CreateContactWithOrgTest" time="29.462"/>
  <system-out/>
</testsuite> <!-- vTigerNew.CreateContactWithOrganizationTest -->
