<?xml version="1.0" encoding="UTF-8"?>
<!-- Generated by org.testng.reporters.JUnitReportReporter -->
<testsuite hostname="LAPTOP-R92NJ77V" failures="0" tests="1" name="com.qa.OrganizationsTests.CreateMultipleOrganizastionWithIndustryTest" time="0.000" errors="0" timestamp="2022-11-06T05:41:38 IST" skipped="1">
  <testcase classname="com.qa.OrganizationsTests.CreateMultipleOrganizastionWithIndustryTest" name="createMultipleOrgTest" time="0.000">
    <skipped/>
  </testcase> <!-- createMultipleOrgTest -->
  <system-out/>
</testsuite> <!-- com.qa.OrganizationsTests.CreateMultipleOrganizastionWithIndustryTest -->
